<?xml version="1.0" encoding="UTF-8"?>
<!-- Generated by org.testng.reporters.JUnitXMLReporter -->
<testsuite ignored="2" hostname="Vishal-ASUS" failures="1" tests="5" name="Test" time="48.308" errors="0" timestamp="2024-07-26T08:05:25 IST">
  <testcase classname="testSuite.ProductCatalogPageTest" name="checkBlinkText" time="0.542"/>
  <testcase classname="testSuite.ProductCatalogPageTest" name="checkBlinkText" time="0.599"/>
  <testcase classname="testSuite.E2ETests" name="PurchasemultipleProduct" time="17.577"/>
  <testcase classname="testSuite.E2ETests" name="PurchasemultipleProduct" time="14.263">
    <failure type="java.io.FileNotFoundException" message="C:\Users\Vishal Singh\eclipse-workspace\PracticeE2EECommerce2024\Downloads\order-invoice_Udemyselenium.xlsx (The system cannot find the file specified)">
      <![CDATA[java.io.FileNotFoundException: C:\Users\Vishal Singh\eclipse-workspace\PracticeE2EECommerce2024\Downloads\order-invoice_Udemyselenium.xlsx (The system cannot find the file specified)
at java.base/java.io.FileInputStream.open0(Native Method)
at java.base/java.io.FileInputStream.open(FileInputStream.java:216)
at java.base/java.io.FileInputStream.<init>(FileInputStream.java:157)
at java.base/java.io.FileInputStream.<init>(FileInputStream.java:111)
at e2e.pageObjects.OrderDetailsPage.checkOrdersinExcelandWebPage(OrderDetailsPage.java:41)
at testSuite.E2ETests.PurchasemultipleProduct(E2ETests.java:48)
at java.base/java.util.ArrayList.forEach(ArrayList.java:1511)
... Removed 27 stack frames]]>
    </failure>
  </testcase> <!-- PurchasemultipleProduct -->
  <testcase classname="testSuite.LandingPageTests" name="errorMessageonLoginTest" time="0.45"/>
  <testcase classname="testSuite.E2ETests" name="PurchaseProduct" time="0.0">
    <ignored/>
  </testcase> <!-- PurchaseProduct -->
  <testcase classname="testSuite.ProductCatalogPageTest" name="errorMessageonLoginTest" time="0.0">
    <ignored/>
  </testcase> <!-- errorMessageonLoginTest -->
</testsuite> <!-- Test -->
